[0m09:43:53.744368 [debug] [MainThread]: Sending event: {'category': 'dbt', 'action': 'invocation', 'label': 'start', 'context': [<snowplow_tracker.self_describing_json.SelfDescribingJson object at 0x0000020A43EF6510>, <snowplow_tracker.self_describing_json.SelfDescribingJson object at 0x0000020A46A77610>, <snowplow_tracker.self_describing_json.SelfDescribingJson object at 0x0000020A46A779D0>]}


============================== 09:43:53.752832 | db55f6bd-c8c0-480b-b9f2-c8e02ba38ef0 ==============================
[0m09:43:53.752832 [info ] [MainThread]: Running with dbt=1.7.9
[0m09:43:53.753514 [debug] [MainThread]: running dbt with arguments {'printer_width': '80', 'indirect_selection': 'eager', 'write_json': 'True', 'log_cache_events': 'False', 'partial_parse': 'True', 'cache_selected_only': 'False', 'warn_error': 'None', 'fail_fast': 'False', 'version_check': 'True', 'log_path': 'logs', 'debug': 'False', 'profiles_dir': 'C:\\Users\\antho\\.dbt', 'use_colors': 'True', 'use_experimental_parser': 'False', 'no_print': 'None', 'quiet': 'False', 'warn_error_options': 'WarnErrorOptions(include=[], exclude=[])', 'introspect': 'True', 'log_format': 'default', 'invocation_command': 'dbt init', 'target_path': 'None', 'static_parser': 'True', 'send_anonymous_usage_stats': 'True'}
[0m09:43:53.786813 [warn ] [MainThread]: [ConfigFolderDirectory]: Unable to parse dict {'dir': WindowsPath('C:/Users/antho/.dbt')}
[0m09:43:53.787686 [info ] [MainThread]: Creating dbt configuration folder at 
[0m09:44:18.621635 [debug] [MainThread]: Starter project path: C:\Users\antho\OneDrive\Bureau\WILD_CODE_SCHOOL\DBT_DEMO\my-dbt-env\Lib\site-packages\dbt\include\starter_project
[0m09:44:18.724889 [info ] [MainThread]: 
Your new dbt project "dbt_projet" was created!

For more information on how to configure the profiles.yml file,
please consult the dbt documentation here:

  https://docs.getdbt.com/docs/configure-your-profile

One more thing:

Need help? Don't hesitate to reach out to us via GitHub issues or on Slack:

  https://community.getdbt.com/

Happy modeling!

[0m09:44:18.726598 [info ] [MainThread]: Setting up your profile.
[0m09:44:23.225617 [info ] [MainThread]: Profile dbt_projet written to C:\Users\antho\.dbt\profiles.yml using target's sample configuration. Once updated, you'll be able to start developing with dbt.
[0m09:44:23.227239 [debug] [MainThread]: Command `dbt init` succeeded at 09:44:23.226848 after 29.60 seconds
[0m09:44:23.227778 [debug] [MainThread]: Sending event: {'category': 'dbt', 'action': 'invocation', 'label': 'end', 'context': [<snowplow_tracker.self_describing_json.SelfDescribingJson object at 0x0000020A3FE0A9E0>, <snowplow_tracker.self_describing_json.SelfDescribingJson object at 0x0000020A4701C830>, <snowplow_tracker.self_describing_json.SelfDescribingJson object at 0x0000020A46FA6AD0>]}
[0m09:44:23.228088 [debug] [MainThread]: Flushing usage events
